<?xml version="1.0" encoding="UTF-8"?>
<testng-results skipped="0" failed="0" ignored="0" total="1" passed="1">
  <reporter-output>
    <line>
      <![CDATA[Setting up reports and Test is getting ready]]>
    </line>
    <line>
      <![CDATA[setting Done - Test can be started]]>
    </line>
    <line>
      <![CDATA[Trying to start Browser and Getting application ready]]>
    </line>
    <line>
      <![CDATA[Browser and Application running]]>
    </line>
    <line>
      <![CDATA[Test is about to end]]>
    </line>
    <line>
      <![CDATA[Test is completed and Report generated]]>
    </line>
  </reporter-output>
  <suite name="Suite" duration-ms="13316" started-at="2019-02-19T18:30:00Z" finished-at="2019-02-19T18:30:13Z">
    <groups>
    </groups>
    <test name="Test" duration-ms="13316" started-at="2019-02-19T18:30:00Z" finished-at="2019-02-19T18:30:13Z">
      <class name="com.learnautomation.testcases.LoginTestCRM">
        <test-method status="PASS" signature="setUpSuit()[pri:0, instance:com.learnautomation.testcases.LoginTestCRM@47c62251]" name="setUpSuit" is-config="true" duration-ms="1503" started-at="2019-02-19T18:29:58Z" finished-at="2019-02-19T18:30:00Z">
          <reporter-output>
            <line>
              <![CDATA[Setting up reports and Test is getting ready]]>
            </line>
            <line>
              <![CDATA[setting Done - Test can be started]]>
            </line>
          </reporter-output>
        </test-method> <!-- setUpSuit -->
        <test-method status="PASS" signature="setup()[pri:0, instance:com.learnautomation.testcases.LoginTestCRM@47c62251]" name="setup" is-config="true" duration-ms="8309" started-at="2019-02-19T18:30:00Z" finished-at="2019-02-19T18:30:08Z">
          <reporter-output>
            <line>
              <![CDATA[Trying to start Browser and Getting application ready]]>
            </line>
            <line>
              <![CDATA[Browser and Application running]]>
            </line>
          </reporter-output>
        </test-method> <!-- setup -->
        <test-method status="PASS" signature="loginApp()[pri:1, instance:com.learnautomation.testcases.LoginTestCRM@47c62251]" name="loginApp" duration-ms="3099" started-at="2019-02-19T18:30:08Z" finished-at="2019-02-19T18:30:11Z">
          <reporter-output>
          </reporter-output>
        </test-method> <!-- loginApp -->
        <test-method status="PASS" signature="tearDownMethod(org.testng.ITestResult)[pri:0, instance:com.learnautomation.testcases.LoginTestCRM@47c62251]" name="tearDownMethod" is-config="true" duration-ms="1200" started-at="2019-02-19T18:30:11Z" finished-at="2019-02-19T18:30:12Z">
          <params>
            <param index="0">
              <value>
                <![CDATA[[TestResult name=loginApp status=SUCCESS method=LoginTestCRM.loginApp()[pri:1, instance:com.learnautomation.testcases.LoginTestCRM@47c62251] output={null}]]]>
              </value>
            </param>
          </params>
          <reporter-output>
            <line>
              <![CDATA[Test is about to end]]>
            </line>
            <line>
              <![CDATA[Test is completed and Report generated]]>
            </line>
          </reporter-output>
        </test-method> <!-- tearDownMethod -->
        <test-method status="PASS" signature="tearDown()[pri:0, instance:com.learnautomation.testcases.LoginTestCRM@47c62251]" name="tearDown" is-config="true" duration-ms="674" started-at="2019-02-19T18:30:12Z" finished-at="2019-02-19T18:30:13Z">
          <reporter-output>
          </reporter-output>
        </test-method> <!-- tearDown -->
      </class> <!-- com.learnautomation.testcases.LoginTestCRM -->
    </test> <!-- Test -->
  </suite> <!-- Suite -->
</testng-results>
