<?xml version="1.0" encoding="UTF-8"?>
<testng-results skipped="0" failed="0" ignored="0" total="1" passed="1">
  <reporter-output>
    <line>
      <![CDATA[Setting up reports and Test is getting ready]]>
    </line>
    <line>
      <![CDATA[setting Done - Test can be started]]>
    </line>
    <line>
      <![CDATA[Trying to start Browser and Getting application ready]]>
    </line>
    <line>
      <![CDATA[Browser and Application running]]>
    </line>
    <line>
      <![CDATA[Test is about to end]]>
    </line>
    <line>
      <![CDATA[Test is completed and Report generated]]>
    </line>
  </reporter-output>
  <suite name="Suite" duration-ms="11218" started-at="2019-02-15T18:24:22Z" finished-at="2019-02-15T18:24:33Z">
    <groups>
    </groups>
    <test name="Test" duration-ms="11218" started-at="2019-02-15T18:24:22Z" finished-at="2019-02-15T18:24:33Z">
      <class name="com.learnautomation.testcases.LoginTestCRM">
        <test-method status="PASS" signature="setUpSuit()[pri:0, instance:com.learnautomation.testcases.LoginTestCRM@47c62251]" name="setUpSuit" is-config="true" duration-ms="1145" started-at="2019-02-15T18:24:21Z" finished-at="2019-02-15T18:24:22Z">
          <reporter-output>
            <line>
              <![CDATA[Setting up reports and Test is getting ready]]>
            </line>
            <line>
              <![CDATA[setting Done - Test can be started]]>
            </line>
          </reporter-output>
        </test-method> <!-- setUpSuit -->
        <test-method status="PASS" signature="setup()[pri:0, instance:com.learnautomation.testcases.LoginTestCRM@47c62251]" name="setup" is-config="true" duration-ms="5813" started-at="2019-02-15T18:24:22Z" finished-at="2019-02-15T18:24:28Z">
          <reporter-output>
            <line>
              <![CDATA[Trying to start Browser and Getting application ready]]>
            </line>
            <line>
              <![CDATA[Browser and Application running]]>
            </line>
          </reporter-output>
        </test-method> <!-- setup -->
        <test-method status="PASS" signature="loginApp()[pri:1, instance:com.learnautomation.testcases.LoginTestCRM@47c62251]" name="loginApp" duration-ms="3505" started-at="2019-02-15T18:24:28Z" finished-at="2019-02-15T18:24:31Z">
          <reporter-output>
          </reporter-output>
        </test-method> <!-- loginApp -->
        <test-method status="PASS" signature="tearDownMethod(org.testng.ITestResult)[pri:0, instance:com.learnautomation.testcases.LoginTestCRM@47c62251]" name="tearDownMethod" is-config="true" duration-ms="1196" started-at="2019-02-15T18:24:31Z" finished-at="2019-02-15T18:24:32Z">
          <params>
            <param index="0">
              <value>
                <![CDATA[[TestResult name=loginApp status=SUCCESS method=LoginTestCRM.loginApp()[pri:1, instance:com.learnautomation.testcases.LoginTestCRM@47c62251] output={null}]]]>
              </value>
            </param>
          </params>
          <reporter-output>
            <line>
              <![CDATA[Test is about to end]]>
            </line>
            <line>
              <![CDATA[Test is completed and Report generated]]>
            </line>
          </reporter-output>
        </test-method> <!-- tearDownMethod -->
        <test-method status="PASS" signature="tearDown()[pri:0, instance:com.learnautomation.testcases.LoginTestCRM@47c62251]" name="tearDown" is-config="true" duration-ms="671" started-at="2019-02-15T18:24:32Z" finished-at="2019-02-15T18:24:33Z">
          <reporter-output>
          </reporter-output>
        </test-method> <!-- tearDown -->
      </class> <!-- com.learnautomation.testcases.LoginTestCRM -->
    </test> <!-- Test -->
  </suite> <!-- Suite -->
</testng-results>
